{
  "0 debug pnpm:scope": {
    "selected": 1
  },
  "1 debug pnpm:package-manifest": {
    "initial": {},
    "prefix": "C:\\Users\\右究\\AppData\\Local\\pnpm\\global\\5"
  },
  "2 debug pnpm:context": {
    "currentLockfileExists": false,
    "storeDir": "d:\\.pnpm-store\\v3",
    "virtualStoreDir": "C:\\Users\\右究\\AppData\\Local\\pnpm\\global\\5\\.pnpm"
  },
  "3 debug pnpm:stage": {
    "prefix": "C:\\Users\\右究\\AppData\\Local\\pnpm\\global\\5",
    "stage": "resolution_started"
  },
  "4 debug pnpm:_dependency_resolved": {
    "resolution": "registry.npmmirror.com/@pnpm/exe/7.1.9",
    "wanted": {
      "dependentId": ".",
      "name": "@pnpm/exe",
      "rawSpec": "latest"
    }
  },
  "5 debug pnpm:progress": {
    "packageId": "registry.npmmirror.com/@pnpm/exe/7.1.9",
    "requester": "C:\\Users\\右究\\AppData\\Local\\pnpm\\global\\5",
    "status": "resolved"
  },
  "6 warn pnpm:install-check": {
    "message": "Unsupported platform for registry.npmmirror.com/@pnpm/linux-arm64/7.1.9: wanted {\"cpu\":[\"arm64\"],\"os\":[\"linux\"],\"libc\":[\"any\"]} (current: {\"os\":\"win32\",\"cpu\":\"x64\",\"libc\":\"unknown\"})",
    "prefix": "C:\\Users\\右究\\AppData\\Local\\pnpm\\global\\5"
  },
  "7 debug pnpm:skipped-optional-dependency": {
    "details": "Error: Unsupported platform for registry.npmmirror.com/@pnpm/linux-arm64/7.1.9: wanted {\"cpu\":[\"arm64\"],\"os\":[\"linux\"],\"libc\":[\"any\"]} (current: {\"os\":\"win32\",\"cpu\":\"x64\",\"libc\":\"unknown\"})",
    "package": {
      "id": "registry.npmmirror.com/@pnpm/linux-arm64/7.1.9",
      "name": "@pnpm/linux-arm64",
      "version": "7.1.9"
    },
    "prefix": "C:\\Users\\右究\\AppData\\Local\\pnpm\\global\\5",
    "reason": "unsupported_platform"
  },
  "8 debug pnpm:_dependency_resolved": {
    "resolution": "registry.npmmirror.com/@pnpm/linux-arm64/7.1.9",
    "wanted": {
      "dependentId": "registry.npmmirror.com/@pnpm/exe/7.1.9",
      "name": "@pnpm/linux-arm64",
      "rawSpec": "7.1.9"
    }
  },
  "9 debug pnpm:progress": {
    "packageId": "registry.npmmirror.com/@pnpm/linux-arm64/7.1.9",
    "requester": "C:\\Users\\右究\\AppData\\Local\\pnpm\\global\\5",
    "status": "resolved"
  },
  "10 debug pnpm:skipped-optional-dependency": {
    "details": "Error: No matching version found for @pnpm/win-x64@7.1.9",
    "package": {
      "name": "@pnpm/win-x64",
      "pref": "7.1.9",
      "version": "7.1.9"
    },
    "parents": [
      {
        "id": "registry.npmmirror.com/@pnpm/exe/7.1.9",
        "name": "@pnpm/exe",
        "version": "7.1.9"
      }
    ],
    "prefix": "C:\\Users\\右究\\AppData\\Local\\pnpm\\global\\5",
    "reason": "resolution_failure"
  },
  "11 debug pnpm:skipped-optional-dependency": {
    "details": "Error: No matching version found for @pnpm/macos-arm64@7.1.9",
    "package": {
      "name": "@pnpm/macos-arm64",
      "pref": "7.1.9",
      "version": "7.1.9"
    },
    "parents": [
      {
        "id": "registry.npmmirror.com/@pnpm/exe/7.1.9",
        "name": "@pnpm/exe",
        "version": "7.1.9"
      }
    ],
    "prefix": "C:\\Users\\右究\\AppData\\Local\\pnpm\\global\\5",
    "reason": "resolution_failure"
  },
  "12 warn pnpm:install-check": {
    "message": "Unsupported platform for registry.npmmirror.com/@pnpm/macos-x64/7.1.9: wanted {\"cpu\":[\"x64\"],\"os\":[\"darwin\"],\"libc\":[\"any\"]} (current: {\"os\":\"win32\",\"cpu\":\"x64\",\"libc\":\"unknown\"})",
    "prefix": "C:\\Users\\右究\\AppData\\Local\\pnpm\\global\\5"
  },
  "13 debug pnpm:skipped-optional-dependency": {
    "details": "Error: Unsupported platform for registry.npmmirror.com/@pnpm/macos-x64/7.1.9: wanted {\"cpu\":[\"x64\"],\"os\":[\"darwin\"],\"libc\":[\"any\"]} (current: {\"os\":\"win32\",\"cpu\":\"x64\",\"libc\":\"unknown\"})",
    "package": {
      "id": "registry.npmmirror.com/@pnpm/macos-x64/7.1.9",
      "name": "@pnpm/macos-x64",
      "version": "7.1.9"
    },
    "prefix": "C:\\Users\\右究\\AppData\\Local\\pnpm\\global\\5",
    "reason": "unsupported_platform"
  },
  "14 debug pnpm:_dependency_resolved": {
    "resolution": "registry.npmmirror.com/@pnpm/macos-x64/7.1.9",
    "wanted": {
      "dependentId": "registry.npmmirror.com/@pnpm/exe/7.1.9",
      "name": "@pnpm/macos-x64",
      "rawSpec": "7.1.9"
    }
  },
  "15 debug pnpm:progress": {
    "packageId": "registry.npmmirror.com/@pnpm/macos-x64/7.1.9",
    "requester": "C:\\Users\\右究\\AppData\\Local\\pnpm\\global\\5",
    "status": "resolved"
  },
  "16 warn pnpm:install-check": {
    "message": "Unsupported platform for registry.npmmirror.com/@pnpm/linux-x64/7.1.9: wanted {\"cpu\":[\"x64\"],\"os\":[\"linux\"],\"libc\":[\"any\"]} (current: {\"os\":\"win32\",\"cpu\":\"x64\",\"libc\":\"unknown\"})",
    "prefix": "C:\\Users\\右究\\AppData\\Local\\pnpm\\global\\5"
  },
  "17 debug pnpm:skipped-optional-dependency": {
    "details": "Error: Unsupported platform for registry.npmmirror.com/@pnpm/linux-x64/7.1.9: wanted {\"cpu\":[\"x64\"],\"os\":[\"linux\"],\"libc\":[\"any\"]} (current: {\"os\":\"win32\",\"cpu\":\"x64\",\"libc\":\"unknown\"})",
    "package": {
      "id": "registry.npmmirror.com/@pnpm/linux-x64/7.1.9",
      "name": "@pnpm/linux-x64",
      "version": "7.1.9"
    },
    "prefix": "C:\\Users\\右究\\AppData\\Local\\pnpm\\global\\5",
    "reason": "unsupported_platform"
  },
  "18 debug pnpm:_dependency_resolved": {
    "resolution": "registry.npmmirror.com/@pnpm/linux-x64/7.1.9",
    "wanted": {
      "dependentId": "registry.npmmirror.com/@pnpm/exe/7.1.9",
      "name": "@pnpm/linux-x64",
      "rawSpec": "7.1.9"
    }
  },
  "19 debug pnpm:progress": {
    "packageId": "registry.npmmirror.com/@pnpm/linux-x64/7.1.9",
    "requester": "C:\\Users\\右究\\AppData\\Local\\pnpm\\global\\5",
    "status": "resolved"
  },
  "20 debug pnpm:package-manifest": {
    "prefix": "C:\\Users\\右究\\AppData\\Local\\pnpm\\global\\5",
    "updated": {
      "dependencies": {
        "@pnpm/exe": "^7.1.9"
      }
    }
  },
  "21 debug pnpm:package-manifest": {
    "prefix": "C:\\Users\\右究\\AppData\\Local\\pnpm\\global\\5",
    "updated": {
      "dependencies": {
        "@pnpm/exe": "^7.1.9"
      }
    }
  },
  "22 debug pnpm:stage": {
    "prefix": "C:\\Users\\右究\\AppData\\Local\\pnpm\\global\\5",
    "stage": "resolution_done"
  },
  "23 debug pnpm:stats": {
    "prefix": "C:\\Users\\右究\\AppData\\Local\\pnpm\\global\\5",
    "removed": 0
  },
  "24 debug pnpm:stage": {
    "prefix": "C:\\Users\\右究\\AppData\\Local\\pnpm\\global\\5",
    "stage": "importing_started"
  },
  "25 debug pnpm:stats": {
    "added": 1,
    "prefix": "C:\\Users\\右究\\AppData\\Local\\pnpm\\global\\5"
  },
  "26 debug pnpm:fetching-progress": {
    "attempt": 1,
    "packageId": "registry.npmmirror.com/@pnpm/exe/7.1.9",
    "size": 2318,
    "status": "started"
  },
  "27 debug pnpm:progress": {
    "packageId": "registry.npmmirror.com/@pnpm/exe/7.1.9",
    "requester": "C:\\Users\\右究\\AppData\\Local\\pnpm\\global\\5",
    "status": "fetched"
  },
  "28 warn pnpm:global": "EXDEV: cross-device link not permitted, link 'd:\\.pnpm-store\\v3\\files\\ed\\9d455242846bbe1f0127db41d9a6ead69ea3ea7c93b2113e1096412ff9eb9cb8427171134644c4ff9bac31d2277d88585ab80ef60fb0a1e7fd916933d004fa' -> 'C:\\Users\\右究\\AppData\\Local\\pnpm\\global\\5\\.pnpm\\registry.npmmirror.com+@pnpm+exe@7.1.9\\node_modules\\@pnpm\\_tmp_17928_7cf384aa53852e5e7eede3d91ffb7a7f\\prepare.js'",
  "29 info pnpm:global": "Falling back to copying packages from store",
  "30 debug pnpm:package-import-method": {
    "method": "copy"
  },
  "31 debug pnpm:progress": {
    "method": "copy",
    "requester": "C:\\Users\\右究\\AppData\\Local\\pnpm\\global\\5",
    "status": "imported",
    "to": "C:\\Users\\右究\\AppData\\Local\\pnpm\\global\\5\\.pnpm\\registry.npmmirror.com+@pnpm+exe@7.1.9\\node_modules\\@pnpm\\exe"
  },
  "32 debug pnpm:stage": {
    "prefix": "C:\\Users\\右究\\AppData\\Local\\pnpm\\global\\5",
    "stage": "importing_done"
  },
  "33 debug pnpm:link": {
    "target": "C:\\Users\\右究\\AppData\\Local\\pnpm\\global\\5\\.pnpm\\registry.npmmirror.com+@pnpm+exe@7.1.9\\node_modules\\@pnpm\\exe",
    "link": "C:\\Users\\右究\\AppData\\Local\\pnpm\\global\\5\\node_modules\\@pnpm\\exe"
  },
  "34 debug pnpm:root": {
    "added": {
      "dependencyType": "prod",
      "id": "registry.npmmirror.com/@pnpm/exe/7.1.9",
      "name": "@pnpm/exe",
      "realName": "@pnpm/exe",
      "version": "7.1.9"
    },
    "prefix": "C:\\Users\\右究\\AppData\\Local\\pnpm\\global\\5"
  },
  "35 debug pnpm": "No entry for \"registry.npmmirror.com/@pnpm/linux-arm64/7.1.9\" in pnpm-lock.yaml",
  "36 debug pnpm": "No entry for \"registry.npmmirror.com/@pnpm/linux-x64/7.1.9\" in pnpm-lock.yaml",
  "37 debug pnpm": "No entry for \"registry.npmmirror.com/@pnpm/macos-x64/7.1.9\" in pnpm-lock.yaml",
  "38 debug pnpm:hoist": {
    "hoistFailedFor": "registry.npmmirror.com/@pnpm/linux-arm64/7.1.9"
  },
  "39 debug pnpm:hoist": {
    "hoistFailedFor": "registry.npmmirror.com/@pnpm/linux-x64/7.1.9"
  },
  "40 debug pnpm:hoist": {
    "hoistFailedFor": "registry.npmmirror.com/@pnpm/macos-x64/7.1.9"
  },
  "41 warn pnpm:global": "Failed to create bin at C:\\Users\\右究\\AppData\\Local\\pnpm\\global\\5\\.pnpm\\registry.npmmirror.com+@pnpm+exe@7.1.9\\node_modules\\@pnpm\\exe\\node_modules\\.bin\\pnpm. The source file at C:\\Users\\右究\\AppData\\Local\\pnpm\\global\\5\\.pnpm\\registry.npmmirror.com+@pnpm+exe@7.1.9\\node_modules\\@pnpm\\exe\\pnpm does not exist.",
  "42 debug pnpm:lifecycle": {
    "depPath": "registry.npmmirror.com/@pnpm/exe/7.1.9",
    "optional": false,
    "script": "node setup.js",
    "stage": "preinstall",
    "wd": "C:\\Users\\右究\\AppData\\Local\\pnpm\\global\\5\\.pnpm\\registry.npmmirror.com+@pnpm+exe@7.1.9\\node_modules\\@pnpm\\exe"
  },
  "43 debug pnpm:lifecycle": {
    "depPath": "registry.npmmirror.com/@pnpm/exe/7.1.9",
    "line": "internal/modules/cjs/loader.js:892",
    "stage": "preinstall",
    "stdio": "stderr",
    "wd": "C:\\Users\\右究\\AppData\\Local\\pnpm\\global\\5\\.pnpm\\registry.npmmirror.com+@pnpm+exe@7.1.9\\node_modules\\@pnpm\\exe"
  },
  "44 debug pnpm:lifecycle": {
    "depPath": "registry.npmmirror.com/@pnpm/exe/7.1.9",
    "line": "  throw err;",
    "stage": "preinstall",
    "stdio": "stderr",
    "wd": "C:\\Users\\右究\\AppData\\Local\\pnpm\\global\\5\\.pnpm\\registry.npmmirror.com+@pnpm+exe@7.1.9\\node_modules\\@pnpm\\exe"
  },
  "45 debug pnpm:lifecycle": {
    "depPath": "registry.npmmirror.com/@pnpm/exe/7.1.9",
    "line": "  ^",
    "stage": "preinstall",
    "stdio": "stderr",
    "wd": "C:\\Users\\右究\\AppData\\Local\\pnpm\\global\\5\\.pnpm\\registry.npmmirror.com+@pnpm+exe@7.1.9\\node_modules\\@pnpm\\exe"
  },
  "46 debug pnpm:lifecycle": {
    "depPath": "registry.npmmirror.com/@pnpm/exe/7.1.9",
    "line": "Error: Cannot find module '@pnpm/win-x64/package.json'",
    "stage": "preinstall",
    "stdio": "stderr",
    "wd": "C:\\Users\\右究\\AppData\\Local\\pnpm\\global\\5\\.pnpm\\registry.npmmirror.com+@pnpm+exe@7.1.9\\node_modules\\@pnpm\\exe"
  },
  "47 debug pnpm:lifecycle": {
    "depPath": "registry.npmmirror.com/@pnpm/exe/7.1.9",
    "line": "Require stack:",
    "stage": "preinstall",
    "stdio": "stderr",
    "wd": "C:\\Users\\右究\\AppData\\Local\\pnpm\\global\\5\\.pnpm\\registry.npmmirror.com+@pnpm+exe@7.1.9\\node_modules\\@pnpm\\exe"
  },
  "48 debug pnpm:lifecycle": {
    "depPath": "registry.npmmirror.com/@pnpm/exe/7.1.9",
    "line": "- C:\\Users\\右究\\AppData\\Local\\pnpm\\global\\5\\.pnpm\\registry.npmmirror.com+@pnpm+exe@7.1.9\\node_modules\\@pnpm\\exe\\setup.js",
    "stage": "preinstall",
    "stdio": "stderr",
    "wd": "C:\\Users\\右究\\AppData\\Local\\pnpm\\global\\5\\.pnpm\\registry.npmmirror.com+@pnpm+exe@7.1.9\\node_modules\\@pnpm\\exe"
  },
  "49 debug pnpm:lifecycle": {
    "depPath": "registry.npmmirror.com/@pnpm/exe/7.1.9",
    "line": "    at Function.Module._resolveFilename (internal/modules/cjs/loader.js:889:15)",
    "stage": "preinstall",
    "stdio": "stderr",
    "wd": "C:\\Users\\右究\\AppData\\Local\\pnpm\\global\\5\\.pnpm\\registry.npmmirror.com+@pnpm+exe@7.1.9\\node_modules\\@pnpm\\exe"
  },
  "50 debug pnpm:lifecycle": {
    "depPath": "registry.npmmirror.com/@pnpm/exe/7.1.9",
    "line": "    at Function.resolve (internal/modules/cjs/helpers.js:98:19)",
    "stage": "preinstall",
    "stdio": "stderr",
    "wd": "C:\\Users\\右究\\AppData\\Local\\pnpm\\global\\5\\.pnpm\\registry.npmmirror.com+@pnpm+exe@7.1.9\\node_modules\\@pnpm\\exe"
  },
  "51 debug pnpm:lifecycle": {
    "depPath": "registry.npmmirror.com/@pnpm/exe/7.1.9",
    "line": "    at Object.<anonymous> (C:\\Users\\右究\\AppData\\Local\\pnpm\\global\\5\\.pnpm\\registry.npmmirror.com+@pnpm+exe@7.1.9\\node_modules\\@pnpm\\exe\\setup.js:12:25)",
    "stage": "preinstall",
    "stdio": "stderr",
    "wd": "C:\\Users\\右究\\AppData\\Local\\pnpm\\global\\5\\.pnpm\\registry.npmmirror.com+@pnpm+exe@7.1.9\\node_modules\\@pnpm\\exe"
  },
  "52 debug pnpm:lifecycle": {
    "depPath": "registry.npmmirror.com/@pnpm/exe/7.1.9",
    "line": "    at Module._compile (internal/modules/cjs/loader.js:1072:14)",
    "stage": "preinstall",
    "stdio": "stderr",
    "wd": "C:\\Users\\右究\\AppData\\Local\\pnpm\\global\\5\\.pnpm\\registry.npmmirror.com+@pnpm+exe@7.1.9\\node_modules\\@pnpm\\exe"
  },
  "53 debug pnpm:lifecycle": {
    "depPath": "registry.npmmirror.com/@pnpm/exe/7.1.9",
    "line": "    at Object.Module._extensions..js (internal/modules/cjs/loader.js:1101:10)",
    "stage": "preinstall",
    "stdio": "stderr",
    "wd": "C:\\Users\\右究\\AppData\\Local\\pnpm\\global\\5\\.pnpm\\registry.npmmirror.com+@pnpm+exe@7.1.9\\node_modules\\@pnpm\\exe"
  },
  "54 debug pnpm:lifecycle": {
    "depPath": "registry.npmmirror.com/@pnpm/exe/7.1.9",
    "line": "    at Module.load (internal/modules/cjs/loader.js:937:32)",
    "stage": "preinstall",
    "stdio": "stderr",
    "wd": "C:\\Users\\右究\\AppData\\Local\\pnpm\\global\\5\\.pnpm\\registry.npmmirror.com+@pnpm+exe@7.1.9\\node_modules\\@pnpm\\exe"
  },
  "55 debug pnpm:lifecycle": {
    "depPath": "registry.npmmirror.com/@pnpm/exe/7.1.9",
    "line": "    at Function.Module._load (internal/modules/cjs/loader.js:778:12)",
    "stage": "preinstall",
    "stdio": "stderr",
    "wd": "C:\\Users\\右究\\AppData\\Local\\pnpm\\global\\5\\.pnpm\\registry.npmmirror.com+@pnpm+exe@7.1.9\\node_modules\\@pnpm\\exe"
  },
  "56 debug pnpm:lifecycle": {
    "depPath": "registry.npmmirror.com/@pnpm/exe/7.1.9",
    "line": "    at Function.executeUserEntryPoint [as runMain] (internal/modules/run_main.js:76:12)",
    "stage": "preinstall",
    "stdio": "stderr",
    "wd": "C:\\Users\\右究\\AppData\\Local\\pnpm\\global\\5\\.pnpm\\registry.npmmirror.com+@pnpm+exe@7.1.9\\node_modules\\@pnpm\\exe"
  },
  "57 debug pnpm:lifecycle": {
    "depPath": "registry.npmmirror.com/@pnpm/exe/7.1.9",
    "line": "    at internal/main/run_main_module.js:17:47 {",
    "stage": "preinstall",
    "stdio": "stderr",
    "wd": "C:\\Users\\右究\\AppData\\Local\\pnpm\\global\\5\\.pnpm\\registry.npmmirror.com+@pnpm+exe@7.1.9\\node_modules\\@pnpm\\exe"
  },
  "58 debug pnpm:lifecycle": {
    "depPath": "registry.npmmirror.com/@pnpm/exe/7.1.9",
    "line": "  code: 'MODULE_NOT_FOUND',",
    "stage": "preinstall",
    "stdio": "stderr",
    "wd": "C:\\Users\\右究\\AppData\\Local\\pnpm\\global\\5\\.pnpm\\registry.npmmirror.com+@pnpm+exe@7.1.9\\node_modules\\@pnpm\\exe"
  },
  "59 debug pnpm:lifecycle": {
    "depPath": "registry.npmmirror.com/@pnpm/exe/7.1.9",
    "line": "  requireStack: [",
    "stage": "preinstall",
    "stdio": "stderr",
    "wd": "C:\\Users\\右究\\AppData\\Local\\pnpm\\global\\5\\.pnpm\\registry.npmmirror.com+@pnpm+exe@7.1.9\\node_modules\\@pnpm\\exe"
  },
  "60 debug pnpm:lifecycle": {
    "depPath": "registry.npmmirror.com/@pnpm/exe/7.1.9",
    "line": "    'C:\\\\Users\\\\右究\\\\AppData\\\\Local\\\\pnpm\\\\global\\\\5\\\\.pnpm\\\\registry.npmmirror.com+@pnpm+exe@7.1.9\\\\node_modules\\\\@pnpm\\\\exe\\\\setup.js'",
    "stage": "preinstall",
    "stdio": "stderr",
    "wd": "C:\\Users\\右究\\AppData\\Local\\pnpm\\global\\5\\.pnpm\\registry.npmmirror.com+@pnpm+exe@7.1.9\\node_modules\\@pnpm\\exe"
  },
  "61 debug pnpm:lifecycle": {
    "depPath": "registry.npmmirror.com/@pnpm/exe/7.1.9",
    "line": "  ]",
    "stage": "preinstall",
    "stdio": "stderr",
    "wd": "C:\\Users\\右究\\AppData\\Local\\pnpm\\global\\5\\.pnpm\\registry.npmmirror.com+@pnpm+exe@7.1.9\\node_modules\\@pnpm\\exe"
  },
  "62 debug pnpm:lifecycle": {
    "depPath": "registry.npmmirror.com/@pnpm/exe/7.1.9",
    "line": "}",
    "stage": "preinstall",
    "stdio": "stderr",
    "wd": "C:\\Users\\右究\\AppData\\Local\\pnpm\\global\\5\\.pnpm\\registry.npmmirror.com+@pnpm+exe@7.1.9\\node_modules\\@pnpm\\exe"
  },
  "63 debug pnpm:lifecycle": {
    "depPath": "registry.npmmirror.com/@pnpm/exe/7.1.9",
    "exitCode": 1,
    "optional": false,
    "stage": "preinstall",
    "wd": "C:\\Users\\右究\\AppData\\Local\\pnpm\\global\\5\\.pnpm\\registry.npmmirror.com+@pnpm+exe@7.1.9\\node_modules\\@pnpm\\exe"
  },
  "64 error pnpm": {
    "errno": 1,
    "code": "ELIFECYCLE",
    "pkgid": "@pnpm/exe@7.1.9",
    "stage": "preinstall",
    "script": "node setup.js",
    "pkgname": "@pnpm/exe",
    "err": {
      "name": "pnpm",
      "message": "@pnpm/exe@7.1.9 preinstall: `node setup.js`\nExit status 1",
      "code": "ELIFECYCLE",
      "stack": "pnpm: @pnpm/exe@7.1.9 preinstall: `node setup.js`\nExit status 1\n    at EventEmitter.<anonymous> (C:\\snapshot\\dist\\pnpm.cjs)\n    at EventEmitter.emit (events.js:376:20)\n    at ChildProcess.<anonymous> (C:\\snapshot\\dist\\pnpm.cjs)\n    at ChildProcess.emit (events.js:376:20)\n    at maybeClose (internal/child_process.js:1055:16)\n    at Process.ChildProcess._handle.onexit (internal/child_process.js:288:5)"
    }
  }
}